{
  error: Error: listen EADDRINUSE: address already in use ::1:3001
      at Server.setupListenHandle [as _listen2] (node:net:1940:16)
      at listenInCluster (node:net:1997:12)
      at GetAddrInfoReqWrap.callback (node:net:2206:7)
      at GetAddrInfoReqWrap.onlookupall [as oncomplete] (node:dns:134:8) {
    code: 'EADDRINUSE',
    errno: -48,
    syscall: 'listen',
    address: '::1',
    port: 3001
  },
  level: 'error',
  message: 'uncaughtException: listen EADDRINUSE: address already in use ::1:3001\n' +
    'Error: listen EADDRINUSE: address already in use ::1:3001\n' +
    '    at Server.setupListenHandle [as _listen2] (node:net:1940:16)\n' +
    '    at listenInCluster (node:net:1997:12)\n' +
    '    at GetAddrInfoReqWrap.callback (node:net:2206:7)\n' +
    '    at GetAddrInfoReqWrap.onlookupall [as oncomplete] (node:dns:134:8)',
  stack: 'Error: listen EADDRINUSE: address already in use ::1:3001\n' +
    '    at Server.setupListenHandle [as _listen2] (node:net:1940:16)\n' +
    '    at listenInCluster (node:net:1997:12)\n' +
    '    at GetAddrInfoReqWrap.callback (node:net:2206:7)\n' +
    '    at GetAddrInfoReqWrap.onlookupall [as oncomplete] (node:dns:134:8)',
  exception: true,
  date: 'Tue Sep 16 2025 02:52:33 GMT+0530 (India Standard Time)',
  process: {
    pid: 95895,
    uid: 501,
    gid: 20,
    cwd: '/Users/mehebubalom/Desktop/aims-project/aims-backend',
    execPath: '/usr/local/bin/node',
    version: 'v22.18.0',
    argv: [
      '/usr/local/bin/node',
      '/Users/mehebubalom/Desktop/aims-project/aims-backend/dist/index.js'
    ],
    memoryUsage: {
      rss: 93700096,
      heapTotal: 33636352,
      heapUsed: 22287960,
      external: 3725632,
      arrayBuffers: 113965
    }
  },
  os: {
    loadavg: [ 11.93994140625, 13.26025390625, 7.916015625 ],
    uptime: 919864
  },
  trace: [
    {
      column: 16,
      file: 'node:net',
      function: 'Server.setupListenHandle [as _listen2]',
      line: 1940,
      method: 'setupListenHandle [as _listen2]',
      native: false
    },
    {
      column: 12,
      file: 'node:net',
      function: 'listenInCluster',
      line: 1997,
      method: null,
      native: false
    },
    {
      column: 7,
      file: 'node:net',
      function: 'GetAddrInfoReqWrap.callback',
      line: 2206,
      method: 'callback',
      native: false
    },
    {
      column: 8,
      file: 'node:dns',
      function: 'GetAddrInfoReqWrap.onlookupall [as oncomplete]',
      line: 134,
      method: 'onlookupall [as oncomplete]',
      native: false
    }
  ],
  service: 'aims-backend',
  timestamp: '2025-09-16 02:52:33'
}
{
  error: Error: write EPIPE
      at afterWriteDispatched (node:internal/stream_base_commons:159:15)
      at writeGeneric (node:internal/stream_base_commons:150:3)
      at Socket._writeGeneric (node:net:966:11)
      at Socket._write (node:net:978:8)
      at writeOrBuffer (node:internal/streams/writable:572:12)
      at _write (node:internal/streams/writable:501:10)
      at Socket.Writable.write (node:internal/streams/writable:510:10)
      at Console.log (/Users/mehebubalom/Desktop/aims-project/aims-backend/node_modules/winston/lib/winston/transports/console.js:87:23)
      at Console._write (/Users/mehebubalom/Desktop/aims-project/aims-backend/node_modules/winston-transport/modern.js:103:17)
      at doWrite (/Users/mehebubalom/Desktop/aims-project/aims-backend/node_modules/readable-stream/lib/_stream_writable.js:390:139) {
    errno: -32,
    code: 'EPIPE',
    syscall: 'write'
  },
  level: 'error',
  message: 'uncaughtException: write EPIPE\n' +
    'Error: write EPIPE\n' +
    '    at afterWriteDispatched (node:internal/stream_base_commons:159:15)\n' +
    '    at writeGeneric (node:internal/stream_base_commons:150:3)\n' +
    '    at Socket._writeGeneric (node:net:966:11)\n' +
    '    at Socket._write (node:net:978:8)\n' +
    '    at writeOrBuffer (node:internal/streams/writable:572:12)\n' +
    '    at _write (node:internal/streams/writable:501:10)\n' +
    '    at Socket.Writable.write (node:internal/streams/writable:510:10)\n' +
    '    at Console.log (/Users/mehebubalom/Desktop/aims-project/aims-backend/node_modules/winston/lib/winston/transports/console.js:87:23)\n' +
    '    at Console._write (/Users/mehebubalom/Desktop/aims-project/aims-backend/node_modules/winston-transport/modern.js:103:17)\n' +
    '    at doWrite (/Users/mehebubalom/Desktop/aims-project/aims-backend/node_modules/readable-stream/lib/_stream_writable.js:390:139)',
  stack: 'Error: write EPIPE\n' +
    '    at afterWriteDispatched (node:internal/stream_base_commons:159:15)\n' +
    '    at writeGeneric (node:internal/stream_base_commons:150:3)\n' +
    '    at Socket._writeGeneric (node:net:966:11)\n' +
    '    at Socket._write (node:net:978:8)\n' +
    '    at writeOrBuffer (node:internal/streams/writable:572:12)\n' +
    '    at _write (node:internal/streams/writable:501:10)\n' +
    '    at Socket.Writable.write (node:internal/streams/writable:510:10)\n' +
    '    at Console.log (/Users/mehebubalom/Desktop/aims-project/aims-backend/node_modules/winston/lib/winston/transports/console.js:87:23)\n' +
    '    at Console._write (/Users/mehebubalom/Desktop/aims-project/aims-backend/node_modules/winston-transport/modern.js:103:17)\n' +
    '    at doWrite (/Users/mehebubalom/Desktop/aims-project/aims-backend/node_modules/readable-stream/lib/_stream_writable.js:390:139)',
  exception: true,
  date: 'Tue Sep 16 2025 15:02:58 GMT+0530 (India Standard Time)',
  process: {
    pid: 85926,
    uid: 501,
    gid: 20,
    cwd: '/Users/mehebubalom/Desktop/aims-project/aims-backend',
    execPath: '/usr/local/bin/node',
    version: 'v22.18.0',
    argv: [
      '/usr/local/bin/node',
      '/Users/mehebubalom/Desktop/aims-project/aims-backend/src/index.ts'
    ],
    memoryUsage: {
      rss: 42778624,
      heapTotal: 33112064,
      heapUsed: 30232024,
      external: 4686388,
      arrayBuffers: 236556
    }
  },
  os: {
    loadavg: [ 2.1748046875, 3.05029296875, 2.8173828125 ],
    uptime: 963689
  },
  trace: [
    {
      column: 15,
      file: 'node:internal/stream_base_commons',
      function: 'afterWriteDispatched',
      line: 159,
      method: null,
      native: false
    },
    {
      column: 3,
      file: 'node:internal/stream_base_commons',
      function: 'writeGeneric',
      line: 150,
      method: null,
      native: false
    },
    {
      column: 11,
      file: 'node:net',
      function: 'Socket._writeGeneric',
      line: 966,
      method: '_writeGeneric',
      native: false
    },
    {
      column: 8,
      file: 'node:net',
      function: 'Socket._write',
      line: 978,
      method: '_write',
      native: false
    },
    {
      column: 12,
      file: 'node:internal/streams/writable',
      function: 'writeOrBuffer',
      line: 572,
      method: null,
      native: false
    },
    {
      column: 10,
      file: 'node:internal/streams/writable',
      function: '_write',
      line: 501,
      method: null,
      native: false
    },
    {
      column: 10,
      file: 'node:internal/streams/writable',
      function: 'Socket.Writable.write',
      line: 510,
      method: 'write',
      native: false
    },
    {
      column: 23,
      file: '/Users/mehebubalom/Desktop/aims-project/aims-backend/node_modules/winston/lib/winston/transports/console.js',
      function: 'Console.log',
      line: 87,
      method: 'log',
      native: false
    },
    {
      column: 17,
      file: '/Users/mehebubalom/Desktop/aims-project/aims-backend/node_modules/winston-transport/modern.js',
      function: 'Console._write',
      line: 103,
      method: '_write',
      native: false
    },
    {
      column: 139,
      file: '/Users/mehebubalom/Desktop/aims-project/aims-backend/node_modules/readable-stream/lib/_stream_writable.js',
      function: 'doWrite',
      line: 390,
      method: null,
      native: false
    }
  ],
  service: 'aims-backend',
  timestamp: '2025-09-16 15:02:58'
}
{
  error: Error: listen EADDRINUSE: address already in use ::1:3001
      at Server.setupListenHandle [as _listen2] (node:net:1940:16)
      at listenInCluster (node:net:1997:12)
      at GetAddrInfoReqWrap.callback (node:net:2206:7)
      at GetAddrInfoReqWrap.onlookupall [as oncomplete] (node:dns:134:8) {
    code: 'EADDRINUSE',
    errno: -48,
    syscall: 'listen',
    address: '::1',
    port: 3001
  },
  level: 'error',
  message: 'uncaughtException: listen EADDRINUSE: address already in use ::1:3001\n' +
    'Error: listen EADDRINUSE: address already in use ::1:3001\n' +
    '    at Server.setupListenHandle [as _listen2] (node:net:1940:16)\n' +
    '    at listenInCluster (node:net:1997:12)\n' +
    '    at GetAddrInfoReqWrap.callback (node:net:2206:7)\n' +
    '    at GetAddrInfoReqWrap.onlookupall [as oncomplete] (node:dns:134:8)',
  stack: 'Error: listen EADDRINUSE: address already in use ::1:3001\n' +
    '    at Server.setupListenHandle [as _listen2] (node:net:1940:16)\n' +
    '    at listenInCluster (node:net:1997:12)\n' +
    '    at GetAddrInfoReqWrap.callback (node:net:2206:7)\n' +
    '    at GetAddrInfoReqWrap.onlookupall [as oncomplete] (node:dns:134:8)',
  exception: true,
  date: 'Tue Sep 16 2025 18:49:00 GMT+0530 (India Standard Time)',
  process: {
    pid: 11384,
    uid: 501,
    gid: 20,
    cwd: '/Users/mehebubalom/Desktop/aims-project/aims-backend',
    execPath: '/usr/local/bin/node',
    version: 'v22.18.0',
    argv: [
      '/usr/local/bin/node',
      '/Users/mehebubalom/Desktop/aims-project/aims-backend/src/index.ts'
    ],
    memoryUsage: {
      rss: 134365184,
      heapTotal: 38879232,
      heapUsed: 25397936,
      external: 4599925,
      arrayBuffers: 150092
    }
  },
  os: {
    loadavg: [ 2.8173828125, 3.0234375, 3.22802734375 ],
    uptime: 977251
  },
  trace: [
    {
      column: 16,
      file: 'node:net',
      function: 'Server.setupListenHandle [as _listen2]',
      line: 1940,
      method: 'setupListenHandle [as _listen2]',
      native: false
    },
    {
      column: 12,
      file: 'node:net',
      function: 'listenInCluster',
      line: 1997,
      method: null,
      native: false
    },
    {
      column: 7,
      file: 'node:net',
      function: 'GetAddrInfoReqWrap.callback',
      line: 2206,
      method: 'callback',
      native: false
    },
    {
      column: 8,
      file: 'node:dns',
      function: 'GetAddrInfoReqWrap.onlookupall [as oncomplete]',
      line: 134,
      method: 'onlookupall [as oncomplete]',
      native: false
    }
  ],
  service: 'aims-backend',
  timestamp: '2025-09-16 18:49:00'
}
{
  error: Error: listen EADDRINUSE: address already in use ::1:3001
      at Server.setupListenHandle [as _listen2] (node:net:1940:16)
      at listenInCluster (node:net:1997:12)
      at GetAddrInfoReqWrap.callback (node:net:2206:7)
      at GetAddrInfoReqWrap.onlookupall [as oncomplete] (node:dns:134:8) {
    code: 'EADDRINUSE',
    errno: -48,
    syscall: 'listen',
    address: '::1',
    port: 3001
  },
  level: 'error',
  message: 'uncaughtException: listen EADDRINUSE: address already in use ::1:3001\n' +
    'Error: listen EADDRINUSE: address already in use ::1:3001\n' +
    '    at Server.setupListenHandle [as _listen2] (node:net:1940:16)\n' +
    '    at listenInCluster (node:net:1997:12)\n' +
    '    at GetAddrInfoReqWrap.callback (node:net:2206:7)\n' +
    '    at GetAddrInfoReqWrap.onlookupall [as oncomplete] (node:dns:134:8)',
  stack: 'Error: listen EADDRINUSE: address already in use ::1:3001\n' +
    '    at Server.setupListenHandle [as _listen2] (node:net:1940:16)\n' +
    '    at listenInCluster (node:net:1997:12)\n' +
    '    at GetAddrInfoReqWrap.callback (node:net:2206:7)\n' +
    '    at GetAddrInfoReqWrap.onlookupall [as oncomplete] (node:dns:134:8)',
  exception: true,
  date: 'Tue Sep 16 2025 18:49:10 GMT+0530 (India Standard Time)',
  process: {
    pid: 11617,
    uid: 501,
    gid: 20,
    cwd: '/Users/mehebubalom/Desktop/aims-project/aims-backend',
    execPath: '/usr/local/bin/node',
    version: 'v22.18.0',
    argv: [
      '/usr/local/bin/node',
      '/Users/mehebubalom/Desktop/aims-project/aims-backend/src/index.ts'
    ],
    memoryUsage: {
      rss: 135184384,
      heapTotal: 55918592,
      heapUsed: 24718544,
      external: 4518005,
      arrayBuffers: 68172
    }
  },
  os: {
    loadavg: [ 2.77734375, 3.00634765625, 3.21923828125 ],
    uptime: 977261
  },
  trace: [
    {
      column: 16,
      file: 'node:net',
      function: 'Server.setupListenHandle [as _listen2]',
      line: 1940,
      method: 'setupListenHandle [as _listen2]',
      native: false
    },
    {
      column: 12,
      file: 'node:net',
      function: 'listenInCluster',
      line: 1997,
      method: null,
      native: false
    },
    {
      column: 7,
      file: 'node:net',
      function: 'GetAddrInfoReqWrap.callback',
      line: 2206,
      method: 'callback',
      native: false
    },
    {
      column: 8,
      file: 'node:dns',
      function: 'GetAddrInfoReqWrap.onlookupall [as oncomplete]',
      line: 134,
      method: 'onlookupall [as oncomplete]',
      native: false
    }
  ],
  service: 'aims-backend',
  timestamp: '2025-09-16 18:49:10'
}
{
  error: Error: listen EADDRINUSE: address already in use ::1:3001
      at Server.setupListenHandle [as _listen2] (node:net:1940:16)
      at listenInCluster (node:net:1997:12)
      at GetAddrInfoReqWrap.callback (node:net:2206:7)
      at GetAddrInfoReqWrap.onlookupall [as oncomplete] (node:dns:134:8) {
    code: 'EADDRINUSE',
    errno: -48,
    syscall: 'listen',
    address: '::1',
    port: 3001
  },
  level: 'error',
  message: 'uncaughtException: listen EADDRINUSE: address already in use ::1:3001\n' +
    'Error: listen EADDRINUSE: address already in use ::1:3001\n' +
    '    at Server.setupListenHandle [as _listen2] (node:net:1940:16)\n' +
    '    at listenInCluster (node:net:1997:12)\n' +
    '    at GetAddrInfoReqWrap.callback (node:net:2206:7)\n' +
    '    at GetAddrInfoReqWrap.onlookupall [as oncomplete] (node:dns:134:8)',
  stack: 'Error: listen EADDRINUSE: address already in use ::1:3001\n' +
    '    at Server.setupListenHandle [as _listen2] (node:net:1940:16)\n' +
    '    at listenInCluster (node:net:1997:12)\n' +
    '    at GetAddrInfoReqWrap.callback (node:net:2206:7)\n' +
    '    at GetAddrInfoReqWrap.onlookupall [as oncomplete] (node:dns:134:8)',
  exception: true,
  date: 'Tue Sep 16 2025 18:49:19 GMT+0530 (India Standard Time)',
  process: {
    pid: 11837,
    uid: 501,
    gid: 20,
    cwd: '/Users/mehebubalom/Desktop/aims-project/aims-backend',
    execPath: '/usr/local/bin/node',
    version: 'v22.18.0',
    argv: [
      '/usr/local/bin/node',
      '/Users/mehebubalom/Desktop/aims-project/aims-backend/src/index.ts'
    ],
    memoryUsage: {
      rss: 134725632,
      heapTotal: 55607296,
      heapUsed: 25236736,
      external: 4550773,
      arrayBuffers: 100940
    }
  },
  os: {
    loadavg: [ 2.7373046875, 2.9892578125, 3.21044921875 ],
    uptime: 977270
  },
  trace: [
    {
      column: 16,
      file: 'node:net',
      function: 'Server.setupListenHandle [as _listen2]',
      line: 1940,
      method: 'setupListenHandle [as _listen2]',
      native: false
    },
    {
      column: 12,
      file: 'node:net',
      function: 'listenInCluster',
      line: 1997,
      method: null,
      native: false
    },
    {
      column: 7,
      file: 'node:net',
      function: 'GetAddrInfoReqWrap.callback',
      line: 2206,
      method: 'callback',
      native: false
    },
    {
      column: 8,
      file: 'node:dns',
      function: 'GetAddrInfoReqWrap.onlookupall [as oncomplete]',
      line: 134,
      method: 'onlookupall [as oncomplete]',
      native: false
    }
  ],
  service: 'aims-backend',
  timestamp: '2025-09-16 18:49:19'
}
{
  error: Error: listen EADDRINUSE: address already in use ::1:3001
      at Server.setupListenHandle [as _listen2] (node:net:1940:16)
      at listenInCluster (node:net:1997:12)
      at GetAddrInfoReqWrap.callback (node:net:2206:7)
      at GetAddrInfoReqWrap.onlookupall [as oncomplete] (node:dns:134:8) {
    code: 'EADDRINUSE',
    errno: -48,
    syscall: 'listen',
    address: '::1',
    port: 3001
  },
  level: 'error',
  message: 'uncaughtException: listen EADDRINUSE: address already in use ::1:3001\n' +
    'Error: listen EADDRINUSE: address already in use ::1:3001\n' +
    '    at Server.setupListenHandle [as _listen2] (node:net:1940:16)\n' +
    '    at listenInCluster (node:net:1997:12)\n' +
    '    at GetAddrInfoReqWrap.callback (node:net:2206:7)\n' +
    '    at GetAddrInfoReqWrap.onlookupall [as oncomplete] (node:dns:134:8)',
  stack: 'Error: listen EADDRINUSE: address already in use ::1:3001\n' +
    '    at Server.setupListenHandle [as _listen2] (node:net:1940:16)\n' +
    '    at listenInCluster (node:net:1997:12)\n' +
    '    at GetAddrInfoReqWrap.callback (node:net:2206:7)\n' +
    '    at GetAddrInfoReqWrap.onlookupall [as oncomplete] (node:dns:134:8)',
  exception: true,
  date: 'Tue Sep 16 2025 18:49:27 GMT+0530 (India Standard Time)',
  process: {
    pid: 11935,
    uid: 501,
    gid: 20,
    cwd: '/Users/mehebubalom/Desktop/aims-project/aims-backend',
    execPath: '/usr/local/bin/node',
    version: 'v22.18.0',
    argv: [
      '/usr/local/bin/node',
      '/Users/mehebubalom/Desktop/aims-project/aims-backend/src/index.ts'
    ],
    memoryUsage: {
      rss: 136642560,
      heapTotal: 38617088,
      heapUsed: 25372168,
      external: 4534389,
      arrayBuffers: 84556
    }
  },
  os: {
    loadavg: [ 2.83837890625, 3.005859375, 3.21484375 ],
    uptime: 977278
  },
  trace: [
    {
      column: 16,
      file: 'node:net',
      function: 'Server.setupListenHandle [as _listen2]',
      line: 1940,
      method: 'setupListenHandle [as _listen2]',
      native: false
    },
    {
      column: 12,
      file: 'node:net',
      function: 'listenInCluster',
      line: 1997,
      method: null,
      native: false
    },
    {
      column: 7,
      file: 'node:net',
      function: 'GetAddrInfoReqWrap.callback',
      line: 2206,
      method: 'callback',
      native: false
    },
    {
      column: 8,
      file: 'node:dns',
      function: 'GetAddrInfoReqWrap.onlookupall [as oncomplete]',
      line: 134,
      method: 'onlookupall [as oncomplete]',
      native: false
    }
  ],
  service: 'aims-backend',
  timestamp: '2025-09-16 18:49:27'
}
{
  error: Error: listen EADDRINUSE: address already in use ::1:3001
      at Server.setupListenHandle [as _listen2] (node:net:1940:16)
      at listenInCluster (node:net:1997:12)
      at GetAddrInfoReqWrap.callback (node:net:2206:7)
      at GetAddrInfoReqWrap.onlookupall [as oncomplete] (node:dns:134:8) {
    code: 'EADDRINUSE',
    errno: -48,
    syscall: 'listen',
    address: '::1',
    port: 3001
  },
  level: 'error',
  message: 'uncaughtException: listen EADDRINUSE: address already in use ::1:3001\n' +
    'Error: listen EADDRINUSE: address already in use ::1:3001\n' +
    '    at Server.setupListenHandle [as _listen2] (node:net:1940:16)\n' +
    '    at listenInCluster (node:net:1997:12)\n' +
    '    at GetAddrInfoReqWrap.callback (node:net:2206:7)\n' +
    '    at GetAddrInfoReqWrap.onlookupall [as oncomplete] (node:dns:134:8)',
  stack: 'Error: listen EADDRINUSE: address already in use ::1:3001\n' +
    '    at Server.setupListenHandle [as _listen2] (node:net:1940:16)\n' +
    '    at listenInCluster (node:net:1997:12)\n' +
    '    at GetAddrInfoReqWrap.callback (node:net:2206:7)\n' +
    '    at GetAddrInfoReqWrap.onlookupall [as oncomplete] (node:dns:134:8)',
  exception: true,
  date: 'Tue Sep 16 2025 18:50:42 GMT+0530 (India Standard Time)',
  process: {
    pid: 13755,
    uid: 501,
    gid: 20,
    cwd: '/Users/mehebubalom/Desktop/aims-project/aims-backend',
    execPath: '/usr/local/bin/node',
    version: 'v22.18.0',
    argv: [
      '/usr/local/bin/node',
      '/Users/mehebubalom/Desktop/aims-project/aims-backend/src/index.ts'
    ],
    memoryUsage: {
      rss: 134414336,
      heapTotal: 38879232,
      heapUsed: 25725072,
      external: 4583541,
      arrayBuffers: 133708
    }
  },
  os: {
    loadavg: [ 3.31396484375, 3.15380859375, 3.2529296875 ],
    uptime: 977353
  },
  trace: [
    {
      column: 16,
      file: 'node:net',
      function: 'Server.setupListenHandle [as _listen2]',
      line: 1940,
      method: 'setupListenHandle [as _listen2]',
      native: false
    },
    {
      column: 12,
      file: 'node:net',
      function: 'listenInCluster',
      line: 1997,
      method: null,
      native: false
    },
    {
      column: 7,
      file: 'node:net',
      function: 'GetAddrInfoReqWrap.callback',
      line: 2206,
      method: 'callback',
      native: false
    },
    {
      column: 8,
      file: 'node:dns',
      function: 'GetAddrInfoReqWrap.onlookupall [as oncomplete]',
      line: 134,
      method: 'onlookupall [as oncomplete]',
      native: false
    }
  ],
  service: 'aims-backend',
  timestamp: '2025-09-16 18:50:42'
}
{
  error: Error: listen EADDRINUSE: address already in use ::1:3001
      at Server.setupListenHandle [as _listen2] (node:net:1940:16)
      at listenInCluster (node:net:1997:12)
      at GetAddrInfoReqWrap.callback (node:net:2206:7)
      at GetAddrInfoReqWrap.onlookupall [as oncomplete] (node:dns:134:8) {
    code: 'EADDRINUSE',
    errno: -48,
    syscall: 'listen',
    address: '::1',
    port: 3001
  },
  level: 'error',
  message: 'uncaughtException: listen EADDRINUSE: address already in use ::1:3001\n' +
    'Error: listen EADDRINUSE: address already in use ::1:3001\n' +
    '    at Server.setupListenHandle [as _listen2] (node:net:1940:16)\n' +
    '    at listenInCluster (node:net:1997:12)\n' +
    '    at GetAddrInfoReqWrap.callback (node:net:2206:7)\n' +
    '    at GetAddrInfoReqWrap.onlookupall [as oncomplete] (node:dns:134:8)',
  stack: 'Error: listen EADDRINUSE: address already in use ::1:3001\n' +
    '    at Server.setupListenHandle [as _listen2] (node:net:1940:16)\n' +
    '    at listenInCluster (node:net:1997:12)\n' +
    '    at GetAddrInfoReqWrap.callback (node:net:2206:7)\n' +
    '    at GetAddrInfoReqWrap.onlookupall [as oncomplete] (node:dns:134:8)',
  exception: true,
  date: 'Tue Sep 16 2025 19:02:09 GMT+0530 (India Standard Time)',
  process: {
    pid: 29166,
    uid: 501,
    gid: 20,
    cwd: '/Users/mehebubalom/Desktop/aims-project/aims-backend',
    execPath: '/usr/local/bin/node',
    version: 'v22.18.0',
    argv: [
      '/usr/local/bin/node',
      '/Users/mehebubalom/Desktop/aims-project/aims-backend/src/index.ts'
    ],
    memoryUsage: {
      rss: 132513792,
      heapTotal: 55394304,
      heapUsed: 25461824,
      external: 4567157,
      arrayBuffers: 117324
    }
  },
  os: {
    loadavg: [ 3.56640625, 3.54638671875, 3.3486328125 ],
    uptime: 978040
  },
  trace: [
    {
      column: 16,
      file: 'node:net',
      function: 'Server.setupListenHandle [as _listen2]',
      line: 1940,
      method: 'setupListenHandle [as _listen2]',
      native: false
    },
    {
      column: 12,
      file: 'node:net',
      function: 'listenInCluster',
      line: 1997,
      method: null,
      native: false
    },
    {
      column: 7,
      file: 'node:net',
      function: 'GetAddrInfoReqWrap.callback',
      line: 2206,
      method: 'callback',
      native: false
    },
    {
      column: 8,
      file: 'node:dns',
      function: 'GetAddrInfoReqWrap.onlookupall [as oncomplete]',
      line: 134,
      method: 'onlookupall [as oncomplete]',
      native: false
    }
  ],
  service: 'aims-backend',
  timestamp: '2025-09-16 19:02:09'
}
{
  error: Error: listen EADDRINUSE: address already in use ::1:3001
      at Server.setupListenHandle [as _listen2] (node:net:1940:16)
      at listenInCluster (node:net:1997:12)
      at GetAddrInfoReqWrap.callback (node:net:2206:7)
      at GetAddrInfoReqWrap.onlookupall [as oncomplete] (node:dns:134:8) {
    code: 'EADDRINUSE',
    errno: -48,
    syscall: 'listen',
    address: '::1',
    port: 3001
  },
  level: 'error',
  message: 'uncaughtException: listen EADDRINUSE: address already in use ::1:3001\n' +
    'Error: listen EADDRINUSE: address already in use ::1:3001\n' +
    '    at Server.setupListenHandle [as _listen2] (node:net:1940:16)\n' +
    '    at listenInCluster (node:net:1997:12)\n' +
    '    at GetAddrInfoReqWrap.callback (node:net:2206:7)\n' +
    '    at GetAddrInfoReqWrap.onlookupall [as oncomplete] (node:dns:134:8)',
  stack: 'Error: listen EADDRINUSE: address already in use ::1:3001\n' +
    '    at Server.setupListenHandle [as _listen2] (node:net:1940:16)\n' +
    '    at listenInCluster (node:net:1997:12)\n' +
    '    at GetAddrInfoReqWrap.callback (node:net:2206:7)\n' +
    '    at GetAddrInfoReqWrap.onlookupall [as oncomplete] (node:dns:134:8)',
  exception: true,
  date: 'Tue Sep 16 2025 19:09:08 GMT+0530 (India Standard Time)',
  process: {
    pid: 38496,
    uid: 501,
    gid: 20,
    cwd: '/Users/mehebubalom/Desktop/aims-project/aims-backend',
    execPath: '/usr/local/bin/node',
    version: 'v22.18.0',
    argv: [
      '/usr/local/bin/node',
      '/Users/mehebubalom/Desktop/aims-project/aims-backend/src/index.ts'
    ],
    memoryUsage: {
      rss: 135888896,
      heapTotal: 56180736,
      heapUsed: 24583336,
      external: 4518005,
      arrayBuffers: 68172
    }
  },
  os: {
    loadavg: [ 3.08251953125, 2.9267578125, 3.09326171875 ],
    uptime: 978459
  },
  trace: [
    {
      column: 16,
      file: 'node:net',
      function: 'Server.setupListenHandle [as _listen2]',
      line: 1940,
      method: 'setupListenHandle [as _listen2]',
      native: false
    },
    {
      column: 12,
      file: 'node:net',
      function: 'listenInCluster',
      line: 1997,
      method: null,
      native: false
    },
    {
      column: 7,
      file: 'node:net',
      function: 'GetAddrInfoReqWrap.callback',
      line: 2206,
      method: 'callback',
      native: false
    },
    {
      column: 8,
      file: 'node:dns',
      function: 'GetAddrInfoReqWrap.onlookupall [as oncomplete]',
      line: 134,
      method: 'onlookupall [as oncomplete]',
      native: false
    }
  ],
  service: 'aims-backend',
  timestamp: '2025-09-16 19:09:08'
}
{
  error: Error: write EPIPE
      at afterWriteDispatched (node:internal/stream_base_commons:159:15)
      at writeGeneric (node:internal/stream_base_commons:150:3)
      at Socket._writeGeneric (node:net:966:11)
      at Socket._write (node:net:978:8)
      at writeOrBuffer (node:internal/streams/writable:572:12)
      at _write (node:internal/streams/writable:501:10)
      at Writable.write (node:internal/streams/writable:510:10)
      at Console.log (/Users/mehebubalom/Desktop/aims-project/aims-backend/node_modules/winston/lib/winston/transports/console.js:87:23)
      at Console._write (/Users/mehebubalom/Desktop/aims-project/aims-backend/node_modules/winston-transport/modern.js:103:17)
      at doWrite (/Users/mehebubalom/Desktop/aims-project/aims-backend/node_modules/readable-stream/lib/_stream_writable.js:390:139) {
    errno: -32,
    code: 'EPIPE',
    syscall: 'write'
  },
  level: 'error',
  message: 'uncaughtException: write EPIPE\n' +
    'Error: write EPIPE\n' +
    '    at afterWriteDispatched (node:internal/stream_base_commons:159:15)\n' +
    '    at writeGeneric (node:internal/stream_base_commons:150:3)\n' +
    '    at Socket._writeGeneric (node:net:966:11)\n' +
    '    at Socket._write (node:net:978:8)\n' +
    '    at writeOrBuffer (node:internal/streams/writable:572:12)\n' +
    '    at _write (node:internal/streams/writable:501:10)\n' +
    '    at Writable.write (node:internal/streams/writable:510:10)\n' +
    '    at Console.log (/Users/mehebubalom/Desktop/aims-project/aims-backend/node_modules/winston/lib/winston/transports/console.js:87:23)\n' +
    '    at Console._write (/Users/mehebubalom/Desktop/aims-project/aims-backend/node_modules/winston-transport/modern.js:103:17)\n' +
    '    at doWrite (/Users/mehebubalom/Desktop/aims-project/aims-backend/node_modules/readable-stream/lib/_stream_writable.js:390:139)',
  stack: 'Error: write EPIPE\n' +
    '    at afterWriteDispatched (node:internal/stream_base_commons:159:15)\n' +
    '    at writeGeneric (node:internal/stream_base_commons:150:3)\n' +
    '    at Socket._writeGeneric (node:net:966:11)\n' +
    '    at Socket._write (node:net:978:8)\n' +
    '    at writeOrBuffer (node:internal/streams/writable:572:12)\n' +
    '    at _write (node:internal/streams/writable:501:10)\n' +
    '    at Writable.write (node:internal/streams/writable:510:10)\n' +
    '    at Console.log (/Users/mehebubalom/Desktop/aims-project/aims-backend/node_modules/winston/lib/winston/transports/console.js:87:23)\n' +
    '    at Console._write (/Users/mehebubalom/Desktop/aims-project/aims-backend/node_modules/winston-transport/modern.js:103:17)\n' +
    '    at doWrite (/Users/mehebubalom/Desktop/aims-project/aims-backend/node_modules/readable-stream/lib/_stream_writable.js:390:139)',
  exception: true,
  date: 'Tue Sep 16 2025 19:28:04 GMT+0530 (India Standard Time)',
  process: {
    pid: 2222,
    uid: 501,
    gid: 20,
    cwd: '/Users/mehebubalom/Desktop/aims-project/aims-backend',
    execPath: '/usr/local/bin/node',
    version: 'v22.18.0',
    argv: [
      '/usr/local/bin/node',
      '/Users/mehebubalom/Desktop/aims-project/aims-backend/dist/index.js'
    ],
    memoryUsage: {
      rss: 38502400,
      heapTotal: 28655616,
      heapUsed: 21127632,
      external: 4725555,
      arrayBuffers: 1111228
    }
  },
  os: {
    loadavg: [ 3.9892578125, 3.12890625, 3.14306640625 ],
    uptime: 979595
  },
  trace: [
    {
      column: 15,
      file: 'node:internal/stream_base_commons',
      function: 'afterWriteDispatched',
      line: 159,
      method: null,
      native: false
    },
    {
      column: 3,
      file: 'node:internal/stream_base_commons',
      function: 'writeGeneric',
      line: 150,
      method: null,
      native: false
    },
    {
      column: 11,
      file: 'node:net',
      function: 'Socket._writeGeneric',
      line: 966,
      method: '_writeGeneric',
      native: false
    },
    {
      column: 8,
      file: 'node:net',
      function: 'Socket._write',
      line: 978,
      method: '_write',
      native: false
    },
    {
      column: 12,
      file: 'node:internal/streams/writable',
      function: 'writeOrBuffer',
      line: 572,
      method: null,
      native: false
    },
    {
      column: 10,
      file: 'node:internal/streams/writable',
      function: '_write',
      line: 501,
      method: null,
      native: false
    },
    {
      column: 10,
      file: 'node:internal/streams/writable',
      function: 'Writable.write',
      line: 510,
      method: 'write',
      native: false
    },
    {
      column: 23,
      file: '/Users/mehebubalom/Desktop/aims-project/aims-backend/node_modules/winston/lib/winston/transports/console.js',
      function: 'Console.log',
      line: 87,
      method: 'log',
      native: false
    },
    {
      column: 17,
      file: '/Users/mehebubalom/Desktop/aims-project/aims-backend/node_modules/winston-transport/modern.js',
      function: 'Console._write',
      line: 103,
      method: '_write',
      native: false
    },
    {
      column: 139,
      file: '/Users/mehebubalom/Desktop/aims-project/aims-backend/node_modules/readable-stream/lib/_stream_writable.js',
      function: 'doWrite',
      line: 390,
      method: null,
      native: false
    }
  ],
  service: 'aims-backend',
  timestamp: '2025-09-16 19:28:04'
}
{
  error: Error: listen EADDRINUSE: address already in use ::1:8443
      at Server.setupListenHandle [as _listen2] (node:net:1940:16)
      at listenInCluster (node:net:1997:12)
      at GetAddrInfoReqWrap.callback (node:net:2206:7)
      at GetAddrInfoReqWrap.onlookupall [as oncomplete] (node:dns:134:8) {
    code: 'EADDRINUSE',
    errno: -48,
    syscall: 'listen',
    address: '::1',
    port: 8443
  },
  level: 'error',
  message: 'uncaughtException: listen EADDRINUSE: address already in use ::1:8443\n' +
    'Error: listen EADDRINUSE: address already in use ::1:8443\n' +
    '    at Server.setupListenHandle [as _listen2] (node:net:1940:16)\n' +
    '    at listenInCluster (node:net:1997:12)\n' +
    '    at GetAddrInfoReqWrap.callback (node:net:2206:7)\n' +
    '    at GetAddrInfoReqWrap.onlookupall [as oncomplete] (node:dns:134:8)',
  stack: 'Error: listen EADDRINUSE: address already in use ::1:8443\n' +
    '    at Server.setupListenHandle [as _listen2] (node:net:1940:16)\n' +
    '    at listenInCluster (node:net:1997:12)\n' +
    '    at GetAddrInfoReqWrap.callback (node:net:2206:7)\n' +
    '    at GetAddrInfoReqWrap.onlookupall [as oncomplete] (node:dns:134:8)',
  exception: true,
  date: 'Tue Sep 16 2025 23:02:05 GMT+0530 (India Standard Time)',
  process: {
    pid: 69642,
    uid: 501,
    gid: 20,
    cwd: '/Users/mehebubalom/Desktop/aims-project/aims-backend',
    execPath: '/usr/local/bin/node',
    version: 'v22.18.0',
    argv: [
      '/usr/local/bin/node',
      '/Users/mehebubalom/Desktop/aims-project/aims-backend/src/index.ts'
    ],
    memoryUsage: {
      rss: 134168576,
      heapTotal: 38617088,
      heapUsed: 26194248,
      external: 4657269,
      arrayBuffers: 207436
    }
  },
  os: {
    loadavg: [ 2.1318359375, 2.18017578125, 2.3154296875 ],
    uptime: 992436
  },
  trace: [
    {
      column: 16,
      file: 'node:net',
      function: 'Server.setupListenHandle [as _listen2]',
      line: 1940,
      method: 'setupListenHandle [as _listen2]',
      native: false
    },
    {
      column: 12,
      file: 'node:net',
      function: 'listenInCluster',
      line: 1997,
      method: null,
      native: false
    },
    {
      column: 7,
      file: 'node:net',
      function: 'GetAddrInfoReqWrap.callback',
      line: 2206,
      method: 'callback',
      native: false
    },
    {
      column: 8,
      file: 'node:dns',
      function: 'GetAddrInfoReqWrap.onlookupall [as oncomplete]',
      line: 134,
      method: 'onlookupall [as oncomplete]',
      native: false
    }
  ],
  service: 'aims-backend',
  timestamp: '2025-09-16 23:02:05'
}
{
  error: Error: listen EADDRINUSE: address already in use ::1:8443
      at Server.setupListenHandle [as _listen2] (node:net:1940:16)
      at listenInCluster (node:net:1997:12)
      at GetAddrInfoReqWrap.callback (node:net:2206:7)
      at GetAddrInfoReqWrap.onlookupall [as oncomplete] (node:dns:134:8) {
    code: 'EADDRINUSE',
    errno: -48,
    syscall: 'listen',
    address: '::1',
    port: 8443
  },
  level: 'error',
  message: 'uncaughtException: listen EADDRINUSE: address already in use ::1:8443\n' +
    'Error: listen EADDRINUSE: address already in use ::1:8443\n' +
    '    at Server.setupListenHandle [as _listen2] (node:net:1940:16)\n' +
    '    at listenInCluster (node:net:1997:12)\n' +
    '    at GetAddrInfoReqWrap.callback (node:net:2206:7)\n' +
    '    at GetAddrInfoReqWrap.onlookupall [as oncomplete] (node:dns:134:8)',
  stack: 'Error: listen EADDRINUSE: address already in use ::1:8443\n' +
    '    at Server.setupListenHandle [as _listen2] (node:net:1940:16)\n' +
    '    at listenInCluster (node:net:1997:12)\n' +
    '    at GetAddrInfoReqWrap.callback (node:net:2206:7)\n' +
    '    at GetAddrInfoReqWrap.onlookupall [as oncomplete] (node:dns:134:8)',
  exception: true,
  date: 'Tue Sep 16 2025 23:19:59 GMT+0530 (India Standard Time)',
  process: {
    pid: 82319,
    uid: 501,
    gid: 20,
    cwd: '/Users/mehebubalom/Desktop/aims-project/aims-backend',
    execPath: '/usr/local/bin/node',
    version: 'v22.18.0',
    argv: [
      '/usr/local/bin/node',
      '/Users/mehebubalom/Desktop/aims-project/aims-backend/src/index.ts'
    ],
    memoryUsage: {
      rss: 90406912,
      heapTotal: 56066048,
      heapUsed: 25478648,
      external: 4558965,
      arrayBuffers: 109132
    }
  },
  os: {
    loadavg: [ 1.9287109375, 3.91845703125, 3.80908203125 ],
    uptime: 993510
  },
  trace: [
    {
      column: 16,
      file: 'node:net',
      function: 'Server.setupListenHandle [as _listen2]',
      line: 1940,
      method: 'setupListenHandle [as _listen2]',
      native: false
    },
    {
      column: 12,
      file: 'node:net',
      function: 'listenInCluster',
      line: 1997,
      method: null,
      native: false
    },
    {
      column: 7,
      file: 'node:net',
      function: 'GetAddrInfoReqWrap.callback',
      line: 2206,
      method: 'callback',
      native: false
    },
    {
      column: 8,
      file: 'node:dns',
      function: 'GetAddrInfoReqWrap.onlookupall [as oncomplete]',
      line: 134,
      method: 'onlookupall [as oncomplete]',
      native: false
    }
  ],
  service: 'aims-backend',
  timestamp: '2025-09-16 23:19:59'
}
